Using pre-set license
Built from '2022.3/staging' branch; Version is '2022.3.19f1 (244b723c30a6) revision 2378610'; Using compiler version '192829333'; Build Type 'Release'
OS: 'Windows 11  (10.0.26100) 64bit ProfessionalN' Language: 'en' Physical Memory: 32568 MB
BatchMode: 1, IsHumanControllingUs: 0, StartBugReporterOnCrash: 0, Is64bit: 1, IsPro: 1

COMMAND LINE ARGUMENTS:
C:\Program Files\Unity\Hub\Editor\2022.3.19f1\Editor\Unity.exe
-adb2
-batchMode
-noUpm
-name
AssetImportWorker1
-projectPath
C:/Users/Allison/Downloads/phptutorial/PHPTutorial2
-logFile
Logs/AssetImportWorker1.log
-srvPort
50215
Successfully changed project path to: C:/Users/Allison/Downloads/phptutorial/PHPTutorial2
C:/Users/Allison/Downloads/phptutorial/PHPTutorial2
[UnityMemory] Configuration Parameters - Can be set up in boot.config
    "memorysetup-bucket-allocator-granularity=16"
    "memorysetup-bucket-allocator-bucket-count=8"
    "memorysetup-bucket-allocator-block-size=33554432"
    "memorysetup-bucket-allocator-block-count=8"
    "memorysetup-main-allocator-block-size=16777216"
    "memorysetup-thread-allocator-block-size=16777216"
    "memorysetup-gfx-main-allocator-block-size=16777216"
    "memorysetup-gfx-thread-allocator-block-size=16777216"
    "memorysetup-cache-allocator-block-size=4194304"
    "memorysetup-typetree-allocator-block-size=2097152"
    "memorysetup-profiler-bucket-allocator-granularity=16"
    "memorysetup-profiler-bucket-allocator-bucket-count=8"
    "memorysetup-profiler-bucket-allocator-block-size=33554432"
    "memorysetup-profiler-bucket-allocator-block-count=8"
    "memorysetup-profiler-allocator-block-size=16777216"
    "memorysetup-profiler-editor-allocator-block-size=1048576"
    "memorysetup-temp-allocator-size-main=16777216"
    "memorysetup-job-temp-allocator-block-size=2097152"
    "memorysetup-job-temp-allocator-block-size-background=1048576"
    "memorysetup-job-temp-allocator-reduction-small-platforms=262144"
    "memorysetup-allocator-temp-initial-block-size-main=262144"
    "memorysetup-allocator-temp-initial-block-size-worker=262144"
    "memorysetup-temp-allocator-size-background-worker=32768"
    "memorysetup-temp-allocator-size-job-worker=262144"
    "memorysetup-temp-allocator-size-preload-manager=33554432"
    "memorysetup-temp-allocator-size-nav-mesh-worker=65536"
    "memorysetup-temp-allocator-size-audio-worker=65536"
    "memorysetup-temp-allocator-size-cloud-worker=32768"
    "memorysetup-temp-allocator-size-gi-baking-worker=262144"
    "memorysetup-temp-allocator-size-gfx=262144"
Player connection [5784] Host "[IP] 172.30.250.173 [Port] 0 [Flags] 2 [Guid] 4236209893 [EditorId] 4236209893 [Version] 1048832 [Id] WindowsEditor(7,Legion) [Debug] 1 [PackageName] WindowsEditor [ProjectName] Editor" joined multi-casting on [225.0.0.222:54997]...

Player connection [5784] Host "[IP] 172.30.250.173 [Port] 0 [Flags] 2 [Guid] 4236209893 [EditorId] 4236209893 [Version] 1048832 [Id] WindowsEditor(7,Legion) [Debug] 1 [PackageName] WindowsEditor [ProjectName] Editor" joined alternative multi-casting on [225.0.0.222:34997]...

[Physics::Module] Initialized MultithreadedJobDispatcher with 15 workers.
Refreshing native plugins compatible for Editor in 93.87 ms, found 3 plugins.
Preloading 0 native plugins for Editor in 0.00 ms.
Initialize engine version: 2022.3.19f1 (244b723c30a6)
[Subsystems] Discovering subsystems at path C:/Program Files/Unity/Hub/Editor/2022.3.19f1/Editor/Data/Resources/UnitySubsystems
[Subsystems] Discovering subsystems at path C:/Users/Allison/Downloads/phptutorial/PHPTutorial2/Assets
GfxDevice: creating device client; threaded=0; jobified=0
Direct3D:
    Version:  Direct3D 11.0 [level 11.1]
    Renderer: NVIDIA GeForce RTX 2080 Super with Max-Q Design (ID=0x1ed3)
    Vendor:   NVIDIA
    VRAM:     8010 MB
    Driver:   27.21.14.5720
Initialize mono
Mono path[0] = 'C:/Program Files/Unity/Hub/Editor/2022.3.19f1/Editor/Data/Managed'
Mono path[1] = 'C:/Program Files/Unity/Hub/Editor/2022.3.19f1/Editor/Data/MonoBleedingEdge/lib/mono/unityjit-win32'
Mono config path = 'C:/Program Files/Unity/Hub/Editor/2022.3.19f1/Editor/Data/MonoBleedingEdge/etc'
Using monoOptions --debugger-agent=transport=dt_socket,embedding=1,server=y,suspend=n,address=127.0.0.1:56116
Begin MonoManager ReloadAssembly
Registering precompiled unity dll's ...
Register platform support module: C:/Program Files/Unity/Hub/Editor/2022.3.19f1/Editor/Data/PlaybackEngines/WebGLSupport/UnityEditor.WebGL.Extensions.dll
Register platform support module: C:/Program Files/Unity/Hub/Editor/2022.3.19f1/Editor/Data/PlaybackEngines/WindowsStandaloneSupport/UnityEditor.WindowsStandalone.Extensions.dll
Register platform support module: C:/Program Files/Unity/Hub/Editor/2022.3.19f1/Editor/Data/PlaybackEngines/MetroSupport/UnityEditor.UWP.Extensions.dll
Registered in 0.015641 seconds.
- Loaded All Assemblies, in  1.213 seconds
Native extension for UWP target not found
Native extension for WindowsStandalone target not found
Native extension for WebGL target not found
Mono: successfully reloaded assembly
- Finished resetting the current domain, in  0.347 seconds
Domain Reload Profiling: 1559ms
	BeginReloadAssembly (130ms)
		ExecutionOrderSort (0ms)
		DisableScriptedObjects (0ms)
		BackupInstance (0ms)
		ReleaseScriptingObjects (0ms)
		CreateAndSetChildDomain (1ms)
	RebuildCommonClasses (184ms)
	RebuildNativeTypeToScriptingClass (13ms)
	initialDomainReloadingComplete (77ms)
	LoadAllAssembliesAndSetupDomain (807ms)
		LoadAssemblies (128ms)
		RebuildTransferFunctionScriptingTraits (0ms)
		AnalyzeDomain (804ms)
			TypeCache.Refresh (802ms)
				TypeCache.ScanAssembly (481ms)
			ScanForSourceGeneratedMonoScriptInfo (0ms)
			ResolveRequiredComponents (1ms)
	FinalizeReload (348ms)
		ReleaseScriptCaches (0ms)
		RebuildScriptCaches (0ms)
		SetupLoadedEditorAssemblies (277ms)
			LogAssemblyErrors (0ms)
			InitializePlatformSupportModulesInManaged (14ms)
			SetLoadedEditorAssemblies (6ms)
			RefreshPlugins (0ms)
			BeforeProcessingInitializeOnLoad (3ms)
			ProcessInitializeOnLoadAttributes (190ms)
			ProcessInitializeOnLoadMethodAttributes (63ms)
			AfterProcessingInitializeOnLoad (0ms)
			EditorAssembliesLoaded (0ms)
		ExecutionOrderSort2 (0ms)
		AwakeInstancesAfterBackupRestoration (0ms)
========================================================================
Worker process is ready to serve import requests
Begin MonoManager ReloadAssembly
- Loaded All Assemblies, in  2.352 seconds
Refreshing native plugins compatible for Editor in 4.88 ms, found 3 plugins.
Native extension for UWP target not found
Native extension for WindowsStandalone target not found
Native extension for WebGL target not found
Mono: successfully reloaded assembly
- Finished resetting the current domain, in  0.876 seconds
Domain Reload Profiling: 3224ms
	BeginReloadAssembly (196ms)
		ExecutionOrderSort (0ms)
		DisableScriptedObjects (8ms)
		BackupInstance (0ms)
		ReleaseScriptingObjects (0ms)
		CreateAndSetChildDomain (27ms)
	RebuildCommonClasses (53ms)
	RebuildNativeTypeToScriptingClass (16ms)
	initialDomainReloadingComplete (60ms)
	LoadAllAssembliesAndSetupDomain (2022ms)
		LoadAssemblies (1828ms)
		RebuildTransferFunctionScriptingTraits (0ms)
		AnalyzeDomain (309ms)
			TypeCache.Refresh (276ms)
				TypeCache.ScanAssembly (190ms)
			ScanForSourceGeneratedMonoScriptInfo (20ms)
			ResolveRequiredComponents (8ms)
	FinalizeReload (877ms)
		ReleaseScriptCaches (0ms)
		RebuildScriptCaches (0ms)
		SetupLoadedEditorAssemblies (648ms)
			LogAssemblyErrors (0ms)
			InitializePlatformSupportModulesInManaged (12ms)
			SetLoadedEditorAssemblies (5ms)
			RefreshPlugins (0ms)
			BeforeProcessingInitializeOnLoad (89ms)
			ProcessInitializeOnLoadAttributes (493ms)
			ProcessInitializeOnLoadMethodAttributes (35ms)
			AfterProcessingInitializeOnLoad (14ms)
			EditorAssembliesLoaded (0ms)
		ExecutionOrderSort2 (0ms)
		AwakeInstancesAfterBackupRestoration (14ms)
Launched and connected shader compiler UnityShaderCompiler.exe after 0.09 seconds
Refreshing native plugins compatible for Editor in 5.57 ms, found 3 plugins.
Preloading 0 native plugins for Editor in 0.00 ms.
Unloading 3303 Unused Serialized files (Serialized files now loaded: 0)
Unloading 33 unused Assets / (57.1 KB). Loaded Objects now: 3765.
Memory consumption went from 130.6 MB to 130.6 MB.
Total: 3.935100 ms (FindLiveObjects: 0.279400 ms CreateObjectMapping: 0.339200 ms MarkObjects: 3.171200 ms  DeleteObjects: 0.144400 ms)

AssetImportParameters requested are different than current active one (requested -> active):
  custom:container-demuxer-ogg: 62fdf1f143b41e24485cea50d1cbac27 -> 
  custom:video-decoder-ogg-theora: a1e56fd34408186e4bbccfd4996cb3dc -> 
  custom:CustomObjectIndexerAttribute: 6d391050e5a25f67b0a2c618074f2cd9 -> 
  custom:container-demuxer-webm: 4f35f7cbe854078d1ac9338744f61a02 -> 
  custom:container-muxer-webm: aa71ff27fc2769a1b78a27578f13a17b -> 
  custom:video-decoder-webm-vp8: 9c59270c3fd7afecdb556c50c9e8de78 -> 
  custom:SearchIndexIgnoredProperties: e643bd26f0fe6173181afceb89e7c659 -> 
  custom:AudioImporter_EditorPlatform: d09bf68614088b80899f8185d706f6e7 -> 
  custom:video-encoder-webm-vp8: eb34c28f22e8b96e1ab97ce403110664 -> 
  custom:audio-decoder-ogg-vorbis: bf7c407c2cedff20999df2af8eb42d56 -> 
  custom:audio-encoder-webm-vorbis: bf7c407c2cedff20999df2af8eb42d56 -> 
========================================================================
Received Import Request.
  Time since last request: 361713.984117 seconds.
  path: Assets/TextMesh Pro/Shaders/TMPro_Mobile.cginc
  artifactKey: Guid(c334973cef89a9840b0b0c507e0377ab) Importer(2089858483,0ecaa5967403d082aa24f35e1b516d23)
Start importing Assets/TextMesh Pro/Shaders/TMPro_Mobile.cginc using Guid(c334973cef89a9840b0b0c507e0377ab) Importer(2089858483,0ecaa5967403d082aa24f35e1b516d23) Generated GUIDs only implemented for interfaces!
 -> (artifact id: '13aa075bebf309471f6af219eb80996d') in 0.100991 seconds
Number of updated asset objects reloaded before import = 0
Number of asset objects unloaded after import = 1
========================================================================
Received Import Request.
  Time since last request: 0.000017 seconds.
  path: Assets/Devion Games/Login System/Example/Sci-Fi UI/Window G.png
  artifactKey: Guid(e45c1fe9cfce98742933a578e0be7512) Importer(2089858483,0ecaa5967403d082aa24f35e1b516d23)
Start importing Assets/Devion Games/Login System/Example/Sci-Fi UI/Window G.png using Guid(e45c1fe9cfce98742933a578e0be7512) Importer(2089858483,0ecaa5967403d082aa24f35e1b516d23) Generated GUIDs only implemented for interfaces!
 -> (artifact id: '374cc6e63c6129eaa2af280ade68b5d2') in 0.133791 seconds
Number of updated asset objects reloaded before import = 0
Number of asset objects unloaded after import = 3
========================================================================
Received Import Request.
  Time since last request: 0.000028 seconds.
  path: Assets/Devion Games/Login System/Scripts/Runtime/LoginManager.cs
  artifactKey: Guid(107a01d6745714b4e8f3553d15c59d64) Importer(2089858483,0ecaa5967403d082aa24f35e1b516d23)
Start importing Assets/Devion Games/Login System/Scripts/Runtime/LoginManager.cs using Guid(107a01d6745714b4e8f3553d15c59d64) Importer(2089858483,0ecaa5967403d082aa24f35e1b516d23) Generated GUIDs only implemented for interfaces!
 -> (artifact id: '722634d72cfec3808771ec5f7cc892dd') in 0.018819 seconds
Number of updated asset objects reloaded before import = 0
Number of asset objects unloaded after import = 1
========================================================================
Received Import Request.
  Time since last request: 0.000110 seconds.
  path: Assets/TextMesh Pro/Shaders/TMPro.cginc
  artifactKey: Guid(407bc68d299748449bbf7f48ee690f8d) Importer(2089858483,0ecaa5967403d082aa24f35e1b516d23)
Start importing Assets/TextMesh Pro/Shaders/TMPro.cginc using Guid(407bc68d299748449bbf7f48ee690f8d) Importer(2089858483,0ecaa5967403d082aa24f35e1b516d23) Generated GUIDs only implemented for interfaces!
 -> (artifact id: '53d07dd2b76e2481a62051c5ea414580') in 0.024935 seconds
Number of updated asset objects reloaded before import = 0
Number of asset objects unloaded after import = 1
========================================================================
Received Import Request.
  Time since last request: 0.000019 seconds.
  path: Assets/Devion Games/Login System/Example/Sci-Fi UI/Slot D.png
  artifactKey: Guid(55ec38b4a6e22a941a0871f2b82a6454) Importer(2089858483,0ecaa5967403d082aa24f35e1b516d23)
Start importing Assets/Devion Games/Login System/Example/Sci-Fi UI/Slot D.png using Guid(55ec38b4a6e22a941a0871f2b82a6454) Importer(2089858483,0ecaa5967403d082aa24f35e1b516d23) Generated GUIDs only implemented for interfaces!
 -> (artifact id: '15aadfb2b64aa5e3d4e8b644e2867270') in 0.053852 seconds
Number of updated asset objects reloaded before import = 0
Number of asset objects unloaded after import = 3
========================================================================
Received Import Request.
  Time since last request: 0.000028 seconds.
  path: Assets/Devion Games/Login System/Example/Sci-Fi UI/Slot A Overlay.png
  artifactKey: Guid(157bf6543e55b194993ee8e88422e380) Importer(2089858483,0ecaa5967403d082aa24f35e1b516d23)
Start importing Assets/Devion Games/Login System/Example/Sci-Fi UI/Slot A Overlay.png using Guid(157bf6543e55b194993ee8e88422e380) Importer(2089858483,0ecaa5967403d082aa24f35e1b516d23) Generated GUIDs only implemented for interfaces!
 -> (artifact id: '0b2bf013e3051a296197057cc2e75a2d') in 0.052761 seconds
Number of updated asset objects reloaded before import = 0
Number of asset objects unloaded after import = 3
========================================================================
Received Import Request.
  Time since last request: 0.000021 seconds.
  path: Assets/Devion Games/Login System/Example/Sci-Fi UI/Header.png
  artifactKey: Guid(42db4ccbeb84f0c45a5ffef1cb7954d4) Importer(2089858483,0ecaa5967403d082aa24f35e1b516d23)
Start importing Assets/Devion Games/Login System/Example/Sci-Fi UI/Header.png using Guid(42db4ccbeb84f0c45a5ffef1cb7954d4) Importer(2089858483,0ecaa5967403d082aa24f35e1b516d23) Generated GUIDs only implemented for interfaces!
 -> (artifact id: '0b128cc4e7bb96b30c25b3a2305203b5') in 0.054126 seconds
Number of updated asset objects reloaded before import = 0
Number of asset objects unloaded after import = 3
========================================================================
Received Import Request.
  Time since last request: 0.000032 seconds.
  path: Assets/Devion Games/Login System/com.deviongames.loginsystem.json
  artifactKey: Guid(3be2c05e5a4a1c6499f926e4cc43c123) Importer(2089858483,0ecaa5967403d082aa24f35e1b516d23)
Start importing Assets/Devion Games/Login System/com.deviongames.loginsystem.json using Guid(3be2c05e5a4a1c6499f926e4cc43c123) Importer(2089858483,0ecaa5967403d082aa24f35e1b516d23) Generated GUIDs only implemented for interfaces!
 -> (artifact id: '394c7be07f4673f15fcee6f15ab82394') in 0.024156 seconds
Number of updated asset objects reloaded before import = 0
Number of asset objects unloaded after import = 1
========================================================================
Received Import Request.
  Time since last request: 0.000030 seconds.
  path: Assets/Devion Games/Login System/Example/Sci-Fi UI/Bar.png
  artifactKey: Guid(23f5f9b0f851873408d83e4f552cd871) Importer(2089858483,0ecaa5967403d082aa24f35e1b516d23)
Start importing Assets/Devion Games/Login System/Example/Sci-Fi UI/Bar.png using Guid(23f5f9b0f851873408d83e4f552cd871) Importer(2089858483,0ecaa5967403d082aa24f35e1b516d23) Generated GUIDs only implemented for interfaces!
 -> (artifact id: '513220efe678928e6206d6f8e421e0e7') in 0.055413 seconds
Number of updated asset objects reloaded before import = 0
Number of asset objects unloaded after import = 3
========================================================================
Received Import Request.
  Time since last request: 0.000031 seconds.
  path: Assets/TextMesh Pro/Shaders/TMP_Sprite.shader
  artifactKey: Guid(cf81c85f95fe47e1a27f6ae460cf182c) Importer(2089858483,0ecaa5967403d082aa24f35e1b516d23)
Start importing Assets/TextMesh Pro/Shaders/TMP_Sprite.shader using Guid(cf81c85f95fe47e1a27f6ae460cf182c) Importer(2089858483,0ecaa5967403d082aa24f35e1b516d23) Generated GUIDs only implemented for interfaces!
 -> (artifact id: '6f57a2d31e3a7d46ff5d271a362ed4fe') in 0.025980 seconds
Number of updated asset objects reloaded before import = 0
Number of asset objects unloaded after import = 1
========================================================================
Received Import Request.
  Time since last request: 0.000038 seconds.
  path: Assets/TextMesh Pro/Sprites/EmojiOne Attribution.txt
  artifactKey: Guid(381dcb09d5029d14897e55f98031fca5) Importer(2089858483,0ecaa5967403d082aa24f35e1b516d23)
Start importing Assets/TextMesh Pro/Sprites/EmojiOne Attribution.txt using Guid(381dcb09d5029d14897e55f98031fca5) Importer(2089858483,0ecaa5967403d082aa24f35e1b516d23) Generated GUIDs only implemented for interfaces!
 -> (artifact id: '0d21c46e1456c71a9d831bdad01f6f19') in 0.024998 seconds
Number of updated asset objects reloaded before import = 0
Number of asset objects unloaded after import = 1
========================================================================
Received Import Request.
  Time since last request: 0.000019 seconds.
  path: Assets/Devion Games/UI Widgets/Scripts/Editor/UIContainerInspector.cs
  artifactKey: Guid(b9bcadc4f0106fc44b3208a3fc792c89) Importer(2089858483,0ecaa5967403d082aa24f35e1b516d23)
Start importing Assets/Devion Games/UI Widgets/Scripts/Editor/UIContainerInspector.cs using Guid(b9bcadc4f0106fc44b3208a3fc792c89) Importer(2089858483,0ecaa5967403d082aa24f35e1b516d23) Generated GUIDs only implemented for interfaces!
 -> (artifact id: 'b23a14e3a191e41e2197209e20dc7fac') in 0.017984 seconds
Number of updated asset objects reloaded before import = 0
Number of asset objects unloaded after import = 1
========================================================================
Received Import Request.
  Time since last request: 0.000069 seconds.
  path: Assets/Devion Games/UI Widgets/Scripts/Runtime/WidgetUtility.cs
  artifactKey: Guid(492d5072ca4af604d88d6339cf58fd78) Importer(2089858483,0ecaa5967403d082aa24f35e1b516d23)
Start importing Assets/Devion Games/UI Widgets/Scripts/Runtime/WidgetUtility.cs using Guid(492d5072ca4af604d88d6339cf58fd78) Importer(2089858483,0ecaa5967403d082aa24f35e1b516d23) Generated GUIDs only implemented for interfaces!
 -> (artifact id: '68945171167795d4dc9ee1f5df8c361e') in 0.020447 seconds
Number of updated asset objects reloaded before import = 0
Number of asset objects unloaded after import = 1
========================================================================
Received Import Request.
  Time since last request: 0.000074 seconds.
  path: Assets/Devion Games/Utilities/Scripts/Runtime/AudioEventListener.cs
  artifactKey: Guid(513845fc43758c844b6ae7855d36d4ad) Importer(2089858483,0ecaa5967403d082aa24f35e1b516d23)
Start importing Assets/Devion Games/Utilities/Scripts/Runtime/AudioEventListener.cs using Guid(513845fc43758c844b6ae7855d36d4ad) Importer(2089858483,0ecaa5967403d082aa24f35e1b516d23) Generated GUIDs only implemented for interfaces!
 -> (artifact id: '0ac63a929ede62161e04518719e454a8') in 0.019394 seconds
Number of updated asset objects reloaded before import = 0
Number of asset objects unloaded after import = 1
========================================================================
Received Import Request.
  Time since last request: 0.000126 seconds.
  path: Assets/Devion Games/UI Widgets/Scripts/Runtime/DialogBox.cs
  artifactKey: Guid(144d27305b1d0474bb91be570831330c) Importer(2089858483,0ecaa5967403d082aa24f35e1b516d23)
Start importing Assets/Devion Games/UI Widgets/Scripts/Runtime/DialogBox.cs using Guid(144d27305b1d0474bb91be570831330c) Importer(2089858483,0ecaa5967403d082aa24f35e1b516d23) Generated GUIDs only implemented for interfaces!
 -> (artifact id: '99eb6d6e8e7bc2e0d9eea64fb9a95373') in 0.016856 seconds
Number of updated asset objects reloaded before import = 0
Number of asset objects unloaded after import = 1
========================================================================
Received Import Request.
  Time since last request: 0.000084 seconds.
  path: Assets/Devion Games/Utilities/Scripts/Editor/CustomDrawerAttribute.cs
  artifactKey: Guid(8db54022772ccf94793b5625c0ae589f) Importer(2089858483,0ecaa5967403d082aa24f35e1b516d23)
Start importing Assets/Devion Games/Utilities/Scripts/Editor/CustomDrawerAttribute.cs using Guid(8db54022772ccf94793b5625c0ae589f) Importer(2089858483,0ecaa5967403d082aa24f35e1b516d23) Generated GUIDs only implemented for interfaces!
 -> (artifact id: '6649230d5bd9096b3b269d27a210f4d8') in 0.019509 seconds
Number of updated asset objects reloaded before import = 0
Number of asset objects unloaded after import = 1
========================================================================
Received Import Request.
  Time since last request: 0.000133 seconds.
  path: Assets/Devion Games/Utilities/Scripts/Runtime/CallbackHandler.cs
  artifactKey: Guid(1732016f54cbb0a44b6ed155258b6776) Importer(2089858483,0ecaa5967403d082aa24f35e1b516d23)
Start importing Assets/Devion Games/Utilities/Scripts/Runtime/CallbackHandler.cs using Guid(1732016f54cbb0a44b6ed155258b6776) Importer(2089858483,0ecaa5967403d082aa24f35e1b516d23) Generated GUIDs only implemented for interfaces!
 -> (artifact id: '52012d2b777a7940e786af03ffad7f1e') in 0.018896 seconds
Number of updated asset objects reloaded before import = 0
Number of asset objects unloaded after import = 1
========================================================================
Received Import Request.
  Time since last request: 0.000065 seconds.
  path: Assets/Devion Games/Utilities/Scripts/Editor/CustomDrawer.cs
  artifactKey: Guid(e29be623859ea8c42ab52d8039af9b6e) Importer(2089858483,0ecaa5967403d082aa24f35e1b516d23)
Start importing Assets/Devion Games/Utilities/Scripts/Editor/CustomDrawer.cs using Guid(e29be623859ea8c42ab52d8039af9b6e) Importer(2089858483,0ecaa5967403d082aa24f35e1b516d23) Generated GUIDs only implemented for interfaces!
 -> (artifact id: 'b5d163075b1af37ed103e7417fe4395c') in 0.019027 seconds
Number of updated asset objects reloaded before import = 0
Number of asset objects unloaded after import = 1
========================================================================
Received Import Request.
  Time since last request: 0.000223 seconds.
  path: Assets/TextMesh Pro/Resources/Fonts & Materials/LiberationSans SDF - Outline.mat
  artifactKey: Guid(79459efec17a4d00a321bdcc27bbc385) Importer(2089858483,0ecaa5967403d082aa24f35e1b516d23)
Start importing Assets/TextMesh Pro/Resources/Fonts & Materials/LiberationSans SDF - Outline.mat using Guid(79459efec17a4d00a321bdcc27bbc385) Importer(2089858483,0ecaa5967403d082aa24f35e1b516d23) Generated GUIDs only implemented for interfaces!
 -> (artifact id: '6c8f506a8bf5e83b344c7e90047be12c') in 0.067063 seconds
Number of updated asset objects reloaded before import = 0
Number of asset objects unloaded after import = 2
========================================================================
Received Import Request.
  Time since last request: 0.000025 seconds.
  path: Assets/Devion Games/Login System/Example/Sci-Fi UI/Seperator.png
  artifactKey: Guid(49749a9466a232747afb987c0288e1ca) Importer(2089858483,0ecaa5967403d082aa24f35e1b516d23)
Start importing Assets/Devion Games/Login System/Example/Sci-Fi UI/Seperator.png using Guid(49749a9466a232747afb987c0288e1ca) Importer(2089858483,0ecaa5967403d082aa24f35e1b516d23) Generated GUIDs only implemented for interfaces!
 -> (artifact id: 'ebee562a90c83ba1f386ec43e930ae33') in 0.057238 seconds
Number of updated asset objects reloaded before import = 0
Number of asset objects unloaded after import = 3
========================================================================
Received Import Request.
  Time since last request: 0.000031 seconds.
  path: Assets/TextMesh Pro/Resources/TMP Settings.asset
  artifactKey: Guid(3f5b5dff67a942289a9defa416b206f3) Importer(2089858483,0ecaa5967403d082aa24f35e1b516d23)
Start importing Assets/TextMesh Pro/Resources/TMP Settings.asset using Guid(3f5b5dff67a942289a9defa416b206f3) Importer(2089858483,0ecaa5967403d082aa24f35e1b516d23) Generated GUIDs only implemented for interfaces!
 -> (artifact id: 'b8c23304cdfa16179d1760ee8585dfef') in 0.091607 seconds
Number of updated asset objects reloaded before import = 0
Number of asset objects unloaded after import = 15
========================================================================
Received Import Request.
  Time since last request: 0.000022 seconds.
  path: Assets/Devion Games/Module Manager/Editor/Resources/ModuleIcon.png
  artifactKey: Guid(d8399d9811e2bde4eacd1dc4c2eee86d) Importer(2089858483,0ecaa5967403d082aa24f35e1b516d23)
Start importing Assets/Devion Games/Module Manager/Editor/Resources/ModuleIcon.png using Guid(d8399d9811e2bde4eacd1dc4c2eee86d) Importer(2089858483,0ecaa5967403d082aa24f35e1b516d23) Generated GUIDs only implemented for interfaces!
 -> (artifact id: '7890a8c5f85543b797bf036fd4c5f7bd') in 0.057850 seconds
Number of updated asset objects reloaded before import = 0
Number of asset objects unloaded after import = 1
========================================================================
Received Import Request.
  Time since last request: 0.000020 seconds.
  path: Assets/Devion Games/Login System/Example/Sci-Fi UI/Joystick Thumb.png
  artifactKey: Guid(0fe3b99d11c609d479a2d3b5c8ef3bb0) Importer(2089858483,0ecaa5967403d082aa24f35e1b516d23)
Start importing Assets/Devion Games/Login System/Example/Sci-Fi UI/Joystick Thumb.png using Guid(0fe3b99d11c609d479a2d3b5c8ef3bb0) Importer(2089858483,0ecaa5967403d082aa24f35e1b516d23) Generated GUIDs only implemented for interfaces!
 -> (artifact id: '7ab9fe75e2d912087045fda95361c674') in 0.055846 seconds
Number of updated asset objects reloaded before import = 0
Number of asset objects unloaded after import = 3
========================================================================
Received Import Request.
  Time since last request: 0.000020 seconds.
  path: Assets/Devion Games/Login System/php.zip
  artifactKey: Guid(3564cc01b30956f4c928396f2a067682) Importer(2089858483,0ecaa5967403d082aa24f35e1b516d23)
Start importing Assets/Devion Games/Login System/php.zip using Guid(3564cc01b30956f4c928396f2a067682) Importer(2089858483,0ecaa5967403d082aa24f35e1b516d23) Generated GUIDs only implemented for interfaces!
 -> (artifact id: '132f16e6e578e91f41643d98813f9d29') in 0.016713 seconds
Number of updated asset objects reloaded before import = 0
Number of asset objects unloaded after import = 1
========================================================================
Received Import Request.
  Time since last request: 0.000079 seconds.
  path: Assets/TextMesh Pro/Resources/Sprite Assets/EmojiOne.asset
  artifactKey: Guid(c41005c129ba4d66911b75229fd70b45) Importer(2089858483,0ecaa5967403d082aa24f35e1b516d23)
Start importing Assets/TextMesh Pro/Resources/Sprite Assets/EmojiOne.asset using Guid(c41005c129ba4d66911b75229fd70b45) Importer(2089858483,0ecaa5967403d082aa24f35e1b516d23) Generated GUIDs only implemented for interfaces!
 -> (artifact id: 'a7f2684beb74647a89203f30c23b1892') in 0.023969 seconds
Number of updated asset objects reloaded before import = 0
Number of asset objects unloaded after import = 3
========================================================================
Received Import Request.
  Time since last request: 0.000031 seconds.
  path: Assets/Devion Games/Login System/Example/Sci-Fi UI/Icons/protect-red-3.png
  artifactKey: Guid(fd3634ca7e385d140817862acdb016c5) Importer(2089858483,0ecaa5967403d082aa24f35e1b516d23)
Start importing Assets/Devion Games/Login System/Example/Sci-Fi UI/Icons/protect-red-3.png using Guid(fd3634ca7e385d140817862acdb016c5) Importer(2089858483,0ecaa5967403d082aa24f35e1b516d23) Generated GUIDs only implemented for interfaces!
 -> (artifact id: '6b1a2a1340812f9b2fa4eca9d1f41867') in 0.064599 seconds
Number of updated asset objects reloaded before import = 0
Number of asset objects unloaded after import = 3
========================================================================
Received Import Request.
  Time since last request: 0.000029 seconds.
  path: Assets/Devion Games/Login System/Example/Sci-Fi UI/Hex Animated/Hex frame 2.png
  artifactKey: Guid(410fdbd9423e6814e8817ad7275705ab) Importer(2089858483,0ecaa5967403d082aa24f35e1b516d23)
Start importing Assets/Devion Games/Login System/Example/Sci-Fi UI/Hex Animated/Hex frame 2.png using Guid(410fdbd9423e6814e8817ad7275705ab) Importer(2089858483,0ecaa5967403d082aa24f35e1b516d23) Generated GUIDs only implemented for interfaces!
 -> (artifact id: '7fd9275f18a55856edc1b74df8e007fa') in 0.058712 seconds
Number of updated asset objects reloaded before import = 0
Number of asset objects unloaded after import = 3
========================================================================
Received Import Request.
  Time since last request: 0.000043 seconds.
  path: Assets/Devion Games/Login System/Example/Sci-Fi UI/Icons/lightning-blue-3.png
  artifactKey: Guid(6d0caccb996dbef4c82d3072c11f3276) Importer(2089858483,0ecaa5967403d082aa24f35e1b516d23)
Start importing Assets/Devion Games/Login System/Example/Sci-Fi UI/Icons/lightning-blue-3.png using Guid(6d0caccb996dbef4c82d3072c11f3276) Importer(2089858483,0ecaa5967403d082aa24f35e1b516d23) Generated GUIDs only implemented for interfaces!
 -> (artifact id: '40e0fccf8ee1c0a43735d7fc1549a11b') in 0.064787 seconds
Number of updated asset objects reloaded before import = 0
Number of asset objects unloaded after import = 3
========================================================================
Received Import Request.
  Time since last request: 0.000022 seconds.
  path: Assets/Devion Games/Utilities/Scripts/Runtime/CoroutineQueue.cs
  artifactKey: Guid(1404a4bf811914e4f844b4393caed778) Importer(2089858483,0ecaa5967403d082aa24f35e1b516d23)
Start importing Assets/Devion Games/Utilities/Scripts/Runtime/CoroutineQueue.cs using Guid(1404a4bf811914e4f844b4393caed778) Importer(2089858483,0ecaa5967403d082aa24f35e1b516d23) Generated GUIDs only implemented for interfaces!
 -> (artifact id: '1975f1fd71497d08f3ef2721bf7da7f6') in 0.017915 seconds
Number of updated asset objects reloaded before import = 0
Number of asset objects unloaded after import = 1
========================================================================
Received Import Request.
  Time since last request: 0.000034 seconds.
  path: Assets/Scripts/NewUser.cs
  artifactKey: Guid(896802254627c3a46bc300a720b4cc38) Importer(2089858483,0ecaa5967403d082aa24f35e1b516d23)
Start importing Assets/Scripts/NewUser.cs using Guid(896802254627c3a46bc300a720b4cc38) Importer(2089858483,0ecaa5967403d082aa24f35e1b516d23) Generated GUIDs only implemented for interfaces!
 -> (artifact id: 'd97ce4d8d96b5a32df673e1f590fac8c') in 0.019107 seconds
Number of updated asset objects reloaded before import = 0
Number of asset objects unloaded after import = 1
========================================================================
Received Import Request.
  Time since last request: 0.000054 seconds.
  path: Assets/Devion Games/Login System/Example/Sci-Fi UI/Hex Animated/Hex frame 5.png
  artifactKey: Guid(e5e68257ca3fe464693bd46aee558a40) Importer(2089858483,0ecaa5967403d082aa24f35e1b516d23)
Start importing Assets/Devion Games/Login System/Example/Sci-Fi UI/Hex Animated/Hex frame 5.png using Guid(e5e68257ca3fe464693bd46aee558a40) Importer(2089858483,0ecaa5967403d082aa24f35e1b516d23) Generated GUIDs only implemented for interfaces!
 -> (artifact id: '31168218878639c8bae1fed39852f039') in 0.061613 seconds
Number of updated asset objects reloaded before import = 0
Number of asset objects unloaded after import = 3
========================================================================
Received Import Request.
  Time since last request: 0.000022 seconds.
  path: Assets/Devion Games/Login System/Example/Sci-Fi UI/Window C.png
  artifactKey: Guid(c3b00f520975ae243a4e7167ff5303ab) Importer(2089858483,0ecaa5967403d082aa24f35e1b516d23)
Start importing Assets/Devion Games/Login System/Example/Sci-Fi UI/Window C.png using Guid(c3b00f520975ae243a4e7167ff5303ab) Importer(2089858483,0ecaa5967403d082aa24f35e1b516d23) Generated GUIDs only implemented for interfaces!
 -> (artifact id: '5021f1ccec14a2d5a2cfc7e6136ab7e5') in 0.057078 seconds
Number of updated asset objects reloaded before import = 0
Number of asset objects unloaded after import = 3
========================================================================
Received Import Request.
  Time since last request: 0.000020 seconds.
  path: Assets/Devion Games/UI Widgets/Scripts/Runtime/NotificationSlot.cs
  artifactKey: Guid(2342df2a2a1383f42b8d61f30d0d753a) Importer(2089858483,0ecaa5967403d082aa24f35e1b516d23)
Start importing Assets/Devion Games/UI Widgets/Scripts/Runtime/NotificationSlot.cs using Guid(2342df2a2a1383f42b8d61f30d0d753a) Importer(2089858483,0ecaa5967403d082aa24f35e1b516d23) Generated GUIDs only implemented for interfaces!
 -> (artifact id: 'b82c06f0e4c72d6ce6754639052ef048') in 0.020310 seconds
Number of updated asset objects reloaded before import = 0
Number of asset objects unloaded after import = 1
========================================================================
Received Import Request.
  Time since last request: 0.000092 seconds.
  path: Assets/Devion Games/UI Widgets/Scripts/Runtime/Spinner.cs
  artifactKey: Guid(7f0d900f24272a24f8ccae592107deb9) Importer(2089858483,0ecaa5967403d082aa24f35e1b516d23)
Start importing Assets/Devion Games/UI Widgets/Scripts/Runtime/Spinner.cs using Guid(7f0d900f24272a24f8ccae592107deb9) Importer(2089858483,0ecaa5967403d082aa24f35e1b516d23) Generated GUIDs only implemented for interfaces!
 -> (artifact id: '001cb802c3b310e5340acba89243e00c') in 0.016871 seconds
Number of updated asset objects reloaded before import = 0
Number of asset objects unloaded after import = 1
========================================================================
Received Import Request.
  Time since last request: 0.000022 seconds.
  path: Assets/Devion Games/Utilities/Scripts/Editor/EditorTools.cs
  artifactKey: Guid(4120d5773e5b54e4d86300670fc809f8) Importer(2089858483,0ecaa5967403d082aa24f35e1b516d23)
Start importing Assets/Devion Games/Utilities/Scripts/Editor/EditorTools.cs using Guid(4120d5773e5b54e4d86300670fc809f8) Importer(2089858483,0ecaa5967403d082aa24f35e1b516d23) Generated GUIDs only implemented for interfaces!
 -> (artifact id: '1e44a5567e434889326f4ffd54a8ea07') in 0.019015 seconds
Number of updated asset objects reloaded before import = 0
Number of asset objects unloaded after import = 1
========================================================================
Received Import Request.
  Time since last request: 0.000060 seconds.
  path: Assets/Devion Games/Login System/Example/Sci-Fi UI/Button B.png
  artifactKey: Guid(f4f7c1746cfa7bc4b876a31766e0ff85) Importer(2089858483,0ecaa5967403d082aa24f35e1b516d23)
Start importing Assets/Devion Games/Login System/Example/Sci-Fi UI/Button B.png using Guid(f4f7c1746cfa7bc4b876a31766e0ff85) Importer(2089858483,0ecaa5967403d082aa24f35e1b516d23) Generated GUIDs only implemented for interfaces!
 -> (artifact id: 'd49461633043123aee4104b3b8037ba9') in 0.057838 seconds
Number of updated asset objects reloaded before import = 0
Number of asset objects unloaded after import = 3
========================================================================
Received Import Request.
  Time since last request: 0.000024 seconds.
  path: Assets/Devion Games/Utilities/Scripts/Runtime/PlayerInfo.cs
  artifactKey: Guid(be6243ef69a97ca4f831c8913dd996f6) Importer(2089858483,0ecaa5967403d082aa24f35e1b516d23)
Start importing Assets/Devion Games/Utilities/Scripts/Runtime/PlayerInfo.cs using Guid(be6243ef69a97ca4f831c8913dd996f6) Importer(2089858483,0ecaa5967403d082aa24f35e1b516d23) Generated GUIDs only implemented for interfaces!
 -> (artifact id: '11f8455823386de908bb731becfd26ce') in 0.021091 seconds
Number of updated asset objects reloaded before import = 0
Number of asset objects unloaded after import = 1
========================================================================
Received Import Request.
  Time since last request: 0.000132 seconds.
  path: Assets/Devion Games/Utilities/Scripts/Runtime/SelectableObjectName.cs
  artifactKey: Guid(36a5d7d62f01e854da67ad79dd3ad3ce) Importer(2089858483,0ecaa5967403d082aa24f35e1b516d23)
Start importing Assets/Devion Games/Utilities/Scripts/Runtime/SelectableObjectName.cs using Guid(36a5d7d62f01e854da67ad79dd3ad3ce) Importer(2089858483,0ecaa5967403d082aa24f35e1b516d23) Generated GUIDs only implemented for interfaces!
 -> (artifact id: 'd800e1443267299de48ee86d6e3b6b2f') in 0.019464 seconds
Number of updated asset objects reloaded before import = 0
Number of asset objects unloaded after import = 1
========================================================================
Received Import Request.
  Time since last request: 0.000030 seconds.
  path: Assets/Devion Games/Login System/Example/Sci-Fi UI/Font/FontinSans_Cyrillic_B_0.otf
  artifactKey: Guid(c86306b2edf32814dbb61bbfbb2937ef) Importer(2089858483,0ecaa5967403d082aa24f35e1b516d23)
Start importing Assets/Devion Games/Login System/Example/Sci-Fi UI/Font/FontinSans_Cyrillic_B_0.otf using Guid(c86306b2edf32814dbb61bbfbb2937ef) Importer(2089858483,0ecaa5967403d082aa24f35e1b516d23) Generated GUIDs only implemented for interfaces!
 -> (artifact id: 'be6573bb0aea2b187b6ff6425b5eff1d') in 0.041366 seconds
Number of updated asset objects reloaded before import = 0
Number of asset objects unloaded after import = 3
========================================================================
Received Import Request.
  Time since last request: 0.000022 seconds.
  path: Assets/Devion Games/Utilities/Scripts/Editor/Collection Editor/CollectionEditor.cs
  artifactKey: Guid(2d5322c568a7e9b4ea27445e36dfa481) Importer(2089858483,0ecaa5967403d082aa24f35e1b516d23)
Start importing Assets/Devion Games/Utilities/Scripts/Editor/Collection Editor/CollectionEditor.cs using Guid(2d5322c568a7e9b4ea27445e36dfa481) Importer(2089858483,0ecaa5967403d082aa24f35e1b516d23) Generated GUIDs only implemented for interfaces!
 -> (artifact id: '12932f637a4d2f0f7061cb43c98e8199') in 0.018034 seconds
Number of updated asset objects reloaded before import = 0
Number of asset objects unloaded after import = 1
========================================================================
Received Import Request.
  Time since last request: 0.000044 seconds.
  path: Assets/Devion Games/Utilities/Scripts/Editor/Property Drawers/InspectorLabelDrawer.cs
  artifactKey: Guid(b243d2c59d8949d47bae5c8cdb630b1c) Importer(2089858483,0ecaa5967403d082aa24f35e1b516d23)
Start importing Assets/Devion Games/Utilities/Scripts/Editor/Property Drawers/InspectorLabelDrawer.cs using Guid(b243d2c59d8949d47bae5c8cdb630b1c) Importer(2089858483,0ecaa5967403d082aa24f35e1b516d23) Generated GUIDs only implemented for interfaces!
 -> (artifact id: 'b06c461ada6af7b718925d1504fbeff3') in 0.018052 seconds
Number of updated asset objects reloaded before import = 0
Number of asset objects unloaded after import = 1
========================================================================
Received Import Request.
  Time since last request: 0.000048 seconds.
  path: Assets/Devion Games/Utilities/Scripts/Runtime/Blackboard/ObjectVariable.cs
  artifactKey: Guid(e96bed33e42b44a49941f96824cc6a44) Importer(2089858483,0ecaa5967403d082aa24f35e1b516d23)
Start importing Assets/Devion Games/Utilities/Scripts/Runtime/Blackboard/ObjectVariable.cs using Guid(e96bed33e42b44a49941f96824cc6a44) Importer(2089858483,0ecaa5967403d082aa24f35e1b516d23) Generated GUIDs only implemented for interfaces!
 -> (artifact id: 'ed0713616b0d1876a24bea890485126d') in 0.018424 seconds
Number of updated asset objects reloaded before import = 0
Number of asset objects unloaded after import = 1
========================================================================
Received Import Request.
  Time since last request: 0.000043 seconds.
  path: Assets/Devion Games/Utilities/Scripts/Editor/Property Drawers/ArgumentVariableDrawer.cs
  artifactKey: Guid(203d038c47a1a9445b4fbfcc235da154) Importer(2089858483,0ecaa5967403d082aa24f35e1b516d23)
Start importing Assets/Devion Games/Utilities/Scripts/Editor/Property Drawers/ArgumentVariableDrawer.cs using Guid(203d038c47a1a9445b4fbfcc235da154) Importer(2089858483,0ecaa5967403d082aa24f35e1b516d23) Generated GUIDs only implemented for interfaces!
 -> (artifact id: '72d718042c4a6cbc2ac1a89cd86be603') in 0.019466 seconds
Number of updated asset objects reloaded before import = 0
Number of asset objects unloaded after import = 1
========================================================================
Received Import Request.
  Time since last request: 0.000111 seconds.
  path: Assets/Devion Games/Utilities/Scripts/Editor/Property Drawers/EnumFlagsDrawer.cs
  artifactKey: Guid(609aeadaa8fe41b4f9a357120a6e3a55) Importer(2089858483,0ecaa5967403d082aa24f35e1b516d23)
Start importing Assets/Devion Games/Utilities/Scripts/Editor/Property Drawers/EnumFlagsDrawer.cs using Guid(609aeadaa8fe41b4f9a357120a6e3a55) Importer(2089858483,0ecaa5967403d082aa24f35e1b516d23) Generated GUIDs only implemented for interfaces!
 -> (artifact id: 'e5072986273c878beae484dc2b9bc71a') in 0.019903 seconds
Number of updated asset objects reloaded before import = 0
Number of asset objects unloaded after import = 1
========================================================================
Received Import Request.
  Time since last request: 0.000021 seconds.
  path: Assets/Devion Games/UI Widgets/Scripts/Runtime/Tween/FloatTween.cs
  artifactKey: Guid(30a9f98525192134e97f94e5e68b59c7) Importer(2089858483,0ecaa5967403d082aa24f35e1b516d23)
Start importing Assets/Devion Games/UI Widgets/Scripts/Runtime/Tween/FloatTween.cs using Guid(30a9f98525192134e97f94e5e68b59c7) Importer(2089858483,0ecaa5967403d082aa24f35e1b516d23) Generated GUIDs only implemented for interfaces!
 -> (artifact id: 'f18cb40887f9081bb6cfee6a386f6f65') in 0.017935 seconds
Number of updated asset objects reloaded before import = 0
Number of asset objects unloaded after import = 1
========================================================================
Received Import Request.
  Time since last request: 0.000022 seconds.
  path: Assets/Devion Games/UI Widgets/Scripts/Runtime/Simple Triggers/WidgetTrigger.cs
  artifactKey: Guid(cfd56ac4ec1b95e478be442fe8a323c4) Importer(2089858483,0ecaa5967403d082aa24f35e1b516d23)
Start importing Assets/Devion Games/UI Widgets/Scripts/Runtime/Simple Triggers/WidgetTrigger.cs using Guid(cfd56ac4ec1b95e478be442fe8a323c4) Importer(2089858483,0ecaa5967403d082aa24f35e1b516d23) Generated GUIDs only implemented for interfaces!
 -> (artifact id: 'b320eaa4861ffcb6a8d786c1bca836c5') in 0.017952 seconds
Number of updated asset objects reloaded before import = 0
Number of asset objects unloaded after import = 1
========================================================================
Received Import Request.
  Time since last request: 0.000119 seconds.
  path: Assets/Devion Games/Utilities/Scripts/Runtime/Blackboard/SharedAttribute.cs
  artifactKey: Guid(2a5cccf749b49664db4612e7aa5f34d8) Importer(2089858483,0ecaa5967403d082aa24f35e1b516d23)
Start importing Assets/Devion Games/Utilities/Scripts/Runtime/Blackboard/SharedAttribute.cs using Guid(2a5cccf749b49664db4612e7aa5f34d8) Importer(2089858483,0ecaa5967403d082aa24f35e1b516d23) Generated GUIDs only implemented for interfaces!
 -> (artifact id: '858b3d0a1cb7d387cf776297bc05eaec') in 0.019478 seconds
Number of updated asset objects reloaded before import = 0
Number of asset objects unloaded after import = 1
========================================================================
Received Import Request.
  Time since last request: 0.000034 seconds.
  path: Assets/Devion Games/Utilities/Scripts/Editor/Asset/ObjectWindow.cs
  artifactKey: Guid(7f3de11b290dd49469249285eb0f4dd6) Importer(2089858483,0ecaa5967403d082aa24f35e1b516d23)
Start importing Assets/Devion Games/Utilities/Scripts/Editor/Asset/ObjectWindow.cs using Guid(7f3de11b290dd49469249285eb0f4dd6) Importer(2089858483,0ecaa5967403d082aa24f35e1b516d23) Generated GUIDs only implemented for interfaces!
 -> (artifact id: 'd8eb8e1513c5aace810b1a4cca63eeb4') in 0.020305 seconds
Number of updated asset objects reloaded before import = 0
Number of asset objects unloaded after import = 1
========================================================================
Received Import Request.
  Time since last request: 0.000039 seconds.
  path: Assets/Devion Games/UI Widgets/Scripts/Runtime/Tween/Vector3Tween.cs
  artifactKey: Guid(753f39015e67cab48a543a1e97abaae1) Importer(2089858483,0ecaa5967403d082aa24f35e1b516d23)
Start importing Assets/Devion Games/UI Widgets/Scripts/Runtime/Tween/Vector3Tween.cs using Guid(753f39015e67cab48a543a1e97abaae1) Importer(2089858483,0ecaa5967403d082aa24f35e1b516d23) Generated GUIDs only implemented for interfaces!
 -> (artifact id: 'd9e865d7b0e43d665f0c8740ec8ecee3') in 0.018828 seconds
Number of updated asset objects reloaded before import = 0
Number of asset objects unloaded after import = 1
========================================================================
Received Import Request.
  Time since last request: 0.000056 seconds.
  path: Assets/Devion Games/Utilities/Scripts/Runtime/Attributes/InspectorLabelAttribute.cs
  artifactKey: Guid(ad71bc58bbd75e24e82b68954b18dc52) Importer(2089858483,0ecaa5967403d082aa24f35e1b516d23)
Start importing Assets/Devion Games/Utilities/Scripts/Runtime/Attributes/InspectorLabelAttribute.cs using Guid(ad71bc58bbd75e24e82b68954b18dc52) Importer(2089858483,0ecaa5967403d082aa24f35e1b516d23) Generated GUIDs only implemented for interfaces!
 -> (artifact id: 'cfd27069361885161ef6b8d11e2fd650') in 0.020105 seconds
Number of updated asset objects reloaded before import = 0
Number of asset objects unloaded after import = 1
========================================================================
Received Import Request.
  Time since last request: 0.000048 seconds.
  path: Assets/Devion Games/Login System/Example/Sci-Fi UI/Icons/Jetpack.png
  artifactKey: Guid(40784f859ff0041449d28c506d4812ee) Importer(2089858483,0ecaa5967403d082aa24f35e1b516d23)
Start importing Assets/Devion Games/Login System/Example/Sci-Fi UI/Icons/Jetpack.png using Guid(40784f859ff0041449d28c506d4812ee) Importer(2089858483,0ecaa5967403d082aa24f35e1b516d23) Generated GUIDs only implemented for interfaces!
 -> (artifact id: '910b03decfd6435cf883f858a07d2f4d') in 0.053307 seconds
Number of updated asset objects reloaded before import = 0
Number of asset objects unloaded after import = 3
========================================================================
Received Import Request.
  Time since last request: 0.000030 seconds.
  path: Assets/Devion Games/Login System/Example/Sci-Fi UI/Icons/Kneepad.png
  artifactKey: Guid(64341af213870004d915714bb6bfb613) Importer(2089858483,0ecaa5967403d082aa24f35e1b516d23)
Start importing Assets/Devion Games/Login System/Example/Sci-Fi UI/Icons/Kneepad.png using Guid(64341af213870004d915714bb6bfb613) Importer(2089858483,0ecaa5967403d082aa24f35e1b516d23) Generated GUIDs only implemented for interfaces!
 -> (artifact id: '4ef01947ecff8116803dd39707886ea3') in 0.060286 seconds
Number of updated asset objects reloaded before import = 0
Number of asset objects unloaded after import = 3
========================================================================
Received Import Request.
  Time since last request: 0.000021 seconds.
  path: Assets/Devion Games/Utilities/Scripts/Runtime/SetCursorLockState.cs
  artifactKey: Guid(6c0aebca384e03b4daf7263017bbe4c2) Importer(2089858483,0ecaa5967403d082aa24f35e1b516d23)
Start importing Assets/Devion Games/Utilities/Scripts/Runtime/SetCursorLockState.cs using Guid(6c0aebca384e03b4daf7263017bbe4c2) Importer(2089858483,0ecaa5967403d082aa24f35e1b516d23) Generated GUIDs only implemented for interfaces!
 -> (artifact id: 'ed74c824e4795ec4945c3fcf98c22b1d') in 0.017317 seconds
Number of updated asset objects reloaded before import = 0
Number of asset objects unloaded after import = 1
========================================================================
Received Import Request.
  Time since last request: 0.000087 seconds.
  path: Assets/Devion Games/Utilities/Scripts/Runtime/SelectableObject.cs
  artifactKey: Guid(ee20b88ef1929b64881a618326328c95) Importer(2089858483,0ecaa5967403d082aa24f35e1b516d23)
Start importing Assets/Devion Games/Utilities/Scripts/Runtime/SelectableObject.cs using Guid(ee20b88ef1929b64881a618326328c95) Importer(2089858483,0ecaa5967403d082aa24f35e1b516d23) Generated GUIDs only implemented for interfaces!
 -> (artifact id: '3bf9bd379bd59308a4d8a922f1a8bec8') in 0.018393 seconds
Number of updated asset objects reloaded before import = 0
Number of asset objects unloaded after import = 1
========================================================================
Received Import Request.
  Time since last request: 0.000037 seconds.
  path: Assets/Devion Games/Utilities/Scripts/Editor/Resources/Stats.png
  artifactKey: Guid(0c912ef8b6c285d4d8e6be7c43243991) Importer(2089858483,0ecaa5967403d082aa24f35e1b516d23)
Start importing Assets/Devion Games/Utilities/Scripts/Editor/Resources/Stats.png using Guid(0c912ef8b6c285d4d8e6be7c43243991) Importer(2089858483,0ecaa5967403d082aa24f35e1b516d23) Generated GUIDs only implemented for interfaces!
 -> (artifact id: 'f21081c7a60df72dbb2374854140f76d') in 0.052733 seconds
Number of updated asset objects reloaded before import = 0
Number of asset objects unloaded after import = 1
========================================================================
Received Import Request.
  Time since last request: 0.000089 seconds.
  path: Assets/Devion Games/Login System/Scripts/Runtime/UI/RegistrationWindow.cs
  artifactKey: Guid(74367f2eebf2f0f4cb9043d96b3794ca) Importer(2089858483,0ecaa5967403d082aa24f35e1b516d23)
Start importing Assets/Devion Games/Login System/Scripts/Runtime/UI/RegistrationWindow.cs using Guid(74367f2eebf2f0f4cb9043d96b3794ca) Importer(2089858483,0ecaa5967403d082aa24f35e1b516d23) Generated GUIDs only implemented for interfaces!
 -> (artifact id: 'c5a30311d70fa0bbeda3194d29e124f6') in 0.019281 seconds
Number of updated asset objects reloaded before import = 0
Number of asset objects unloaded after import = 1
========================================================================
Received Import Request.
  Time since last request: 0.000038 seconds.
  path: Assets/Devion Games/Utilities/Scripts/Runtime/ObjectProperty.cs
  artifactKey: Guid(a0172f11e12611a48888576601f3d219) Importer(2089858483,0ecaa5967403d082aa24f35e1b516d23)
Start importing Assets/Devion Games/Utilities/Scripts/Runtime/ObjectProperty.cs using Guid(a0172f11e12611a48888576601f3d219) Importer(2089858483,0ecaa5967403d082aa24f35e1b516d23) Generated GUIDs only implemented for interfaces!
 -> (artifact id: 'f8f145b4e550dbfe5a6d94d2962df5ad') in 0.017975 seconds
Number of updated asset objects reloaded before import = 0
Number of asset objects unloaded after import = 1
========================================================================
Received Import Request.
  Time since last request: 0.000158 seconds.
  path: Assets/Devion Games/Login System/Scripts/Runtime/UI/RecoverPasswordWindow.cs
  artifactKey: Guid(36198feac6cee5c408cad80506621233) Importer(2089858483,0ecaa5967403d082aa24f35e1b516d23)
Start importing Assets/Devion Games/Login System/Scripts/Runtime/UI/RecoverPasswordWindow.cs using Guid(36198feac6cee5c408cad80506621233) Importer(2089858483,0ecaa5967403d082aa24f35e1b516d23) Generated GUIDs only implemented for interfaces!
 -> (artifact id: 'a938565e82820db7b3084c7f24f73aee') in 0.019158 seconds
Number of updated asset objects reloaded before import = 0
Number of asset objects unloaded after import = 1
========================================================================
Received Import Request.
  Time since last request: 0.000055 seconds.
  path: Assets/Devion Games/Utilities/Scripts/Editor/Inspectors/AudioEventListenerInspector.cs
  artifactKey: Guid(83f716687244e8741b85f29568676007) Importer(2089858483,0ecaa5967403d082aa24f35e1b516d23)
Start importing Assets/Devion Games/Utilities/Scripts/Editor/Inspectors/AudioEventListenerInspector.cs using Guid(83f716687244e8741b85f29568676007) Importer(2089858483,0ecaa5967403d082aa24f35e1b516d23) Generated GUIDs only implemented for interfaces!
 -> (artifact id: '618961b4c7e91a876206f1c13cba76aa') in 0.021711 seconds
Number of updated asset objects reloaded before import = 0
Number of asset objects unloaded after import = 1
========================================================================
Received Import Request.
  Time since last request: 0.000045 seconds.
  path: Assets/Devion Games/Utilities/Scripts/Editor/Resources/Editor Skin/Center Pane.png
  artifactKey: Guid(104b55b6bcb94f540832ba96329170bc) Importer(2089858483,0ecaa5967403d082aa24f35e1b516d23)
Start importing Assets/Devion Games/Utilities/Scripts/Editor/Resources/Editor Skin/Center Pane.png using Guid(104b55b6bcb94f540832ba96329170bc) Importer(2089858483,0ecaa5967403d082aa24f35e1b516d23) Generated GUIDs only implemented for interfaces!
 -> (artifact id: '0c6562a644da376d19c82a51ced84c55') in 0.059426 seconds
Number of updated asset objects reloaded before import = 0
Number of asset objects unloaded after import = 1
========================================================================
Received Import Request.
  Time since last request: 0.000025 seconds.
  path: Assets/Devion Games/Utilities/Scripts/Editor/Resources/Editor Skin/Button/Button Hover.png
  artifactKey: Guid(6ef65ef3155327945b6b44a3dd54e4e8) Importer(2089858483,0ecaa5967403d082aa24f35e1b516d23)
Start importing Assets/Devion Games/Utilities/Scripts/Editor/Resources/Editor Skin/Button/Button Hover.png using Guid(6ef65ef3155327945b6b44a3dd54e4e8) Importer(2089858483,0ecaa5967403d082aa24f35e1b516d23) Generated GUIDs only implemented for interfaces!
 -> (artifact id: 'b1dd619f53fdbaf2251dce5900e67568') in 0.059032 seconds
Number of updated asset objects reloaded before import = 0
Number of asset objects unloaded after import = 1
========================================================================
Received Import Request.
  Time since last request: 0.000088 seconds.
  path: Assets/Devion Games/Utilities/Scripts/Editor/Resources/Editor Skin/Round Button Active.png
  artifactKey: Guid(8f2c1926504accf49b86f75f3e3d4776) Importer(2089858483,0ecaa5967403d082aa24f35e1b516d23)
Start importing Assets/Devion Games/Utilities/Scripts/Editor/Resources/Editor Skin/Round Button Active.png using Guid(8f2c1926504accf49b86f75f3e3d4776) Importer(2089858483,0ecaa5967403d082aa24f35e1b516d23) Generated GUIDs only implemented for interfaces!
 -> (artifact id: 'ea827680ed583e7470d078f56ef969c8') in 0.053285 seconds
Number of updated asset objects reloaded before import = 0
Number of asset objects unloaded after import = 1
========================================================================
Received Import Request.
  Time since last request: 0.000030 seconds.
  path: Assets/Devion Games/Utilities/Scripts/Runtime/Json/IJsonSerializable.cs
  artifactKey: Guid(b8ad9bf5fb6a88940873bc9e73f03452) Importer(2089858483,0ecaa5967403d082aa24f35e1b516d23)
Start importing Assets/Devion Games/Utilities/Scripts/Runtime/Json/IJsonSerializable.cs using Guid(b8ad9bf5fb6a88940873bc9e73f03452) Importer(2089858483,0ecaa5967403d082aa24f35e1b516d23) Generated GUIDs only implemented for interfaces!
 -> (artifact id: 'c5643d5ce232873b77a5b8123c0251a9') in 0.017598 seconds
Number of updated asset objects reloaded before import = 0
Number of asset objects unloaded after import = 1
========================================================================
Received Import Request.
  Time since last request: 0.000037 seconds.
  path: Assets/Devion Games/Utilities/Scripts/Runtime/Json/MiniJSON.cs
  artifactKey: Guid(615009de1f36ee94aaa717264694fac0) Importer(2089858483,0ecaa5967403d082aa24f35e1b516d23)
Start importing Assets/Devion Games/Utilities/Scripts/Runtime/Json/MiniJSON.cs using Guid(615009de1f36ee94aaa717264694fac0) Importer(2089858483,0ecaa5967403d082aa24f35e1b516d23) Generated GUIDs only implemented for interfaces!
 -> (artifact id: '436e3ad679433db950840c23f2c8384c') in 0.018743 seconds
Number of updated asset objects reloaded before import = 0
Number of asset objects unloaded after import = 1
========================================================================
Received Import Request.
  Time since last request: 0.000100 seconds.
  path: Assets/Devion Games/Login System/Example/Sci-Fi UI/Box.png
  artifactKey: Guid(87fef08eea2f77647b7677fbf0b85f3b) Importer(2089858483,0ecaa5967403d082aa24f35e1b516d23)
Start importing Assets/Devion Games/Login System/Example/Sci-Fi UI/Box.png using Guid(87fef08eea2f77647b7677fbf0b85f3b) Importer(2089858483,0ecaa5967403d082aa24f35e1b516d23) Generated GUIDs only implemented for interfaces!
 -> (artifact id: 'ce06350d5be661189e922711b641500f') in 0.057398 seconds
Number of updated asset objects reloaded before import = 0
Number of asset objects unloaded after import = 3
========================================================================
Received Import Request.
  Time since last request: 0.000021 seconds.
  path: Assets/Devion Games/UI Widgets/Scripts/Runtime/Simple Triggers/NotificationTrigger.cs
  artifactKey: Guid(fa2172dc988a7424e94e1fc6e89b9646) Importer(2089858483,0ecaa5967403d082aa24f35e1b516d23)
Start importing Assets/Devion Games/UI Widgets/Scripts/Runtime/Simple Triggers/NotificationTrigger.cs using Guid(fa2172dc988a7424e94e1fc6e89b9646) Importer(2089858483,0ecaa5967403d082aa24f35e1b516d23) Generated GUIDs only implemented for interfaces!
 -> (artifact id: 'a0b3cdca2d7549926b3f0991b4c9d435') in 0.017594 seconds
Number of updated asset objects reloaded before import = 0
Number of asset objects unloaded after import = 1
========================================================================
Received Import Request.
  Time since last request: 0.000233 seconds.
  path: Assets/Devion Games/UI Widgets/Scripts/Runtime/Simple Triggers/TooltipTrigger.cs
  artifactKey: Guid(537e10be3ce189d47baf06d7b8d41d65) Importer(2089858483,0ecaa5967403d082aa24f35e1b516d23)
Start importing Assets/Devion Games/UI Widgets/Scripts/Runtime/Simple Triggers/TooltipTrigger.cs using Guid(537e10be3ce189d47baf06d7b8d41d65) Importer(2089858483,0ecaa5967403d082aa24f35e1b516d23) Generated GUIDs only implemented for interfaces!
 -> (artifact id: '710e5f49218b65472cdc89ca1c25fb3d') in 0.019529 seconds
Number of updated asset objects reloaded before import = 0
Number of asset objects unloaded after import = 1
========================================================================
Received Import Request.
  Time since last request: 0.000035 seconds.
  path: Assets/TextMesh Pro/Fonts/LiberationSans - OFL.txt
  artifactKey: Guid(6e59c59b81ab47f9b6ec5781fa725d2c) Importer(2089858483,0ecaa5967403d082aa24f35e1b516d23)
Start importing Assets/TextMesh Pro/Fonts/LiberationSans - OFL.txt using Guid(6e59c59b81ab47f9b6ec5781fa725d2c) Importer(2089858483,0ecaa5967403d082aa24f35e1b516d23) Generated GUIDs only implemented for interfaces!
 -> (artifact id: '46ebb273082d8e1120773b113918c3fc') in 0.024527 seconds
Number of updated asset objects reloaded before import = 0
Number of asset objects unloaded after import = 1
========================================================================
Received Import Request.
  Time since last request: 0.000021 seconds.
  path: Assets/Devion Games/UI Widgets/Scripts/Runtime/ResizePanel.cs
  artifactKey: Guid(ad6a795054d2ada4b956221a68027cf1) Importer(2089858483,0ecaa5967403d082aa24f35e1b516d23)
Start importing Assets/Devion Games/UI Widgets/Scripts/Runtime/ResizePanel.cs using Guid(ad6a795054d2ada4b956221a68027cf1) Importer(2089858483,0ecaa5967403d082aa24f35e1b516d23) Generated GUIDs only implemented for interfaces!
 -> (artifact id: '87b4f0eddca5bccc49e792c0a6a09df2') in 0.018284 seconds
Number of updated asset objects reloaded before import = 0
Number of asset objects unloaded after import = 1
========================================================================
Received Import Request.
  Time since last request: 0.000048 seconds.
  path: Assets/Devion Games/Login System/Example/Sci-Fi UI/Window D.png
  artifactKey: Guid(3ae7562322a687745ac7634a36d8743e) Importer(2089858483,0ecaa5967403d082aa24f35e1b516d23)
Start importing Assets/Devion Games/Login System/Example/Sci-Fi UI/Window D.png using Guid(3ae7562322a687745ac7634a36d8743e) Importer(2089858483,0ecaa5967403d082aa24f35e1b516d23) Generated GUIDs only implemented for interfaces!
 -> (artifact id: '7d9f13ded32d2298d2d2a1184fc09ccc') in 0.056867 seconds
Number of updated asset objects reloaded before import = 0
Number of asset objects unloaded after import = 3
========================================================================
Received Prepare
Begin MonoManager ReloadAssembly
- Loaded All Assemblies, in  0.494 seconds
Refreshing native plugins compatible for Editor in 3.97 ms, found 3 plugins.
Native extension for UWP target not found
Native extension for WindowsStandalone target not found
Native extension for WebGL target not found
Mono: successfully reloaded assembly
- Finished resetting the current domain, in  1.259 seconds
Domain Reload Profiling: 1749ms
	BeginReloadAssembly (175ms)
		ExecutionOrderSort (0ms)
		DisableScriptedObjects (6ms)
		BackupInstance (0ms)
		ReleaseScriptingObjects (0ms)
		CreateAndSetChildDomain (36ms)
	RebuildCommonClasses (40ms)
	RebuildNativeTypeToScriptingClass (13ms)
	initialDomainReloadingComplete (39ms)
	LoadAllAssembliesAndSetupDomain (224ms)
		LoadAssemblies (303ms)
		RebuildTransferFunctionScriptingTraits (0ms)
		AnalyzeDomain (16ms)
			TypeCache.Refresh (6ms)
				TypeCache.ScanAssembly (0ms)
			ScanForSourceGeneratedMonoScriptInfo (0ms)
			ResolveRequiredComponents (8ms)
	FinalizeReload (1259ms)
		ReleaseScriptCaches (0ms)
		RebuildScriptCaches (0ms)
		SetupLoadedEditorAssemblies (557ms)
			LogAssemblyErrors (0ms)
			InitializePlatformSupportModulesInManaged (10ms)
			SetLoadedEditorAssemblies (5ms)
			RefreshPlugins (0ms)
			BeforeProcessingInitializeOnLoad (86ms)
			ProcessInitializeOnLoadAttributes (415ms)
			ProcessInitializeOnLoadMethodAttributes (29ms)
			AfterProcessingInitializeOnLoad (11ms)
			EditorAssembliesLoaded (0ms)
		ExecutionOrderSort2 (0ms)
		AwakeInstancesAfterBackupRestoration (11ms)
Refreshing native plugins compatible for Editor in 3.99 ms, found 3 plugins.
Preloading 0 native plugins for Editor in 0.00 ms.
Unloading 3282 Unused Serialized files (Serialized files now loaded: 0)
Unloading 24 unused Assets / (31.1 KB). Loaded Objects now: 3769.
Memory consumption went from 128.5 MB to 128.4 MB.
Total: 3.320500 ms (FindLiveObjects: 0.272600 ms CreateObjectMapping: 0.417400 ms MarkObjects: 2.579100 ms  DeleteObjects: 0.050500 ms)

Prepare: number of updated asset objects reloaded= 0
AssetImportParameters requested are different than current active one (requested -> active):
  custom:container-demuxer-ogg: 62fdf1f143b41e24485cea50d1cbac27 -> 
  custom:video-decoder-ogg-theora: a1e56fd34408186e4bbccfd4996cb3dc -> 
  custom:CustomObjectIndexerAttribute: 6d391050e5a25f67b0a2c618074f2cd9 -> 
  custom:container-demuxer-webm: 4f35f7cbe854078d1ac9338744f61a02 -> 
  custom:container-muxer-webm: aa71ff27fc2769a1b78a27578f13a17b -> 
  custom:video-decoder-webm-vp8: 9c59270c3fd7afecdb556c50c9e8de78 -> 
  custom:SearchIndexIgnoredProperties: e643bd26f0fe6173181afceb89e7c659 -> 
  custom:AudioImporter_EditorPlatform: d09bf68614088b80899f8185d706f6e7 -> 
  custom:video-encoder-webm-vp8: eb34c28f22e8b96e1ab97ce403110664 -> 
  custom:audio-decoder-ogg-vorbis: bf7c407c2cedff20999df2af8eb42d56 -> 
  custom:audio-encoder-webm-vorbis: bf7c407c2cedff20999df2af8eb42d56 -> 
Editor requested this worker to shutdown with reason: Scaling down because of idle timeout
TcpMessagingSession - receive error: operation aborted. errorcode: 995, details: The I/O operation has been aborted because of either a thread exit or an application request.
AssetImportWorker is now disconnected from the server
Process exiting
Exiting without the bug reporter. Application will terminate with return code 0